<?xml version="1.0" encoding="UTF-8"?>
<!-- Generated by org.testng.reporters.JUnitReportReporter -->
<testsuite hostname="LAPTOP-IDB23VB0" failures="0" tests="3" name="testCases.TestNG" time="0.016" errors="0" timestamp="2023-01-04T12:07:57 IST" skipped="0">
  <testcase classname="testCases.TestNG" name="cearDown" time="0.001"/>
  <system-out/>
  <testcase classname="testCases.TestNG" name="bestNGg" time="0.013"/>
  <system-out/>
  <testcase classname="testCases.TestNG" name="setUp" time="0.002"/>
  <system-out/>
</testsuite> <!-- testCases.TestNG -->
