<?xml version="1.0" encoding="UTF-8"?>
<!-- Generated by org.testng.reporters.JUnitReportReporter -->
<testsuite hostname="LAPTOP-IDB23VB0" failures="0" tests="1" name="testCases.TC__002__Login" time="13.704" errors="0" timestamp="2023-05-31T17:14:22 IST" skipped="0">
  <testcase classname="testCases.TC__002__Login" name="Test__Login" time="13.704"/>
  <system-out/>
</testsuite> <!-- testCases.TC__002__Login -->
