<?xml version="1.0" encoding="UTF-8"?>
<!-- Generated by org.testng.reporters.JUnitReportReporter -->
<testsuite hostname="LAPTOP-IDB23VB0" failures="0" tests="1" name="testCases.TC__001__Registration" time="6.568" errors="0" timestamp="2023-05-31T17:14:22 IST" skipped="0">
  <testcase classname="testCases.TC__001__Registration" name="Test__Registration" time="6.568"/>
  <system-out/>
</testsuite> <!-- testCases.TC__001__Registration -->
